<?xml version="1.0" encoding="UTF-8"?>
<testng-results skipped="0" failed="0" ignored="0" total="1" passed="1">
  <reporter-output>
  </reporter-output>
  <suite name="Suite" duration-ms="4684" started-at="2021-11-27T04:16:44Z" finished-at="2021-11-27T04:16:49Z">
    <groups>
    </groups>
    <test name="Test" duration-ms="4684" started-at="2021-11-27T04:16:44Z" finished-at="2021-11-27T04:16:49Z">
      <class name="testng.LoginTest">
        <test-method status="PASS" signature="test1()[pri:0, instance:testng.LoginTest@5ed828d]" name="test1" duration-ms="4659" started-at="2021-11-27T04:16:44Z" finished-at="2021-11-27T04:16:49Z">
          <reporter-output>
          </reporter-output>
        </test-method> <!-- test1 -->
      </class> <!-- testng.LoginTest -->
    </test> <!-- Test -->
  </suite> <!-- Suite -->
</testng-results>
